<?xml version="1.0" encoding="UTF-8"?>
<!-- Generated by org.testng.reporters.JUnitReportReporter -->
<testsuite hostname="DESKTOP-324IGRU" name="ToolsQATestcases.loginTestCases" tests="1" failures="0" timestamp="17 Jun 2021 15:32:01 GMT" time="2.445" errors="0">
  <testcase name="userInfo" time="2.445" classname="ToolsQATestcases.loginTestCases"/>
</testsuite> <!-- ToolsQATestcases.loginTestCases -->
