<?xml version="1.0" encoding="UTF-8"?>
<!-- Generated by org.testng.reporters.JUnitReportReporter -->
<testsuite hostname="DESKTOP-506J5VT" name="ToolsQATestcases.loginTestCases" tests="1" failures="0" timestamp="25 Jun 2021 07:28:32 GMT" time="3.840" errors="0">
  <testcase name="userInfo" time="3.840" classname="ToolsQATestcases.loginTestCases"/>
</testsuite> <!-- ToolsQATestcases.loginTestCases -->
