<?xml version="1.0" encoding="UTF-8"?>
<!-- Generated by org.testng.reporters.JUnitReportReporter -->
<testsuite hostname="DESKTOP-506J5VT" name="ToolsQATestcases.profileTestCase" tests="1" failures="0" timestamp="23 Jun 2021 14:16:57 GMT" time="5.119" errors="0">
  <testcase name="proFileuser" time="5.119" classname="ToolsQATestcases.profileTestCase"/>
</testsuite> <!-- ToolsQATestcases.profileTestCase -->
