<?xml version="1.0" encoding="UTF-8"?>
<!-- Generated by org.testng.reporters.JUnitReportReporter -->
<testsuite hostname="DESKTOP-506J5VT" name="ToolsQATestcases.loginTestCases" tests="1" failures="0" timestamp="17 Jun 2021 15:24:55 GMT" time="0.778" errors="0">
  <testcase name="userInfo" time="0.778" classname="ToolsQATestcases.loginTestCases"/>
</testsuite> <!-- ToolsQATestcases.loginTestCases -->
